build/KP-10-1984.html
build/UU-35-2009.html
build/PERPRES-2-2005.html
build/PP-1-1984.html
build/IPS-6-1980.html
build/KP-13-1985.html
build/KEPPRES-22-1983.html
build/PP-29-2011.html
build/PP-50-2010.html
build/PP-21-1983.html
build/PP-35-2011.html
build/KEPPRES-53-1983.html
build/INP-12-1984.html
build/KP-29-2009.html
build/KEPPRES-46-1980.html
build/PP-25-2010.html
build/KEPPRES-53-2003.html
build/PP-14-1983.html
build/IPS-15-1981.html
build/PBI-12-6-2010.html
build/KEPPRES-11-1985.html
build/IPS-3-1981.html
build/PP-16-1984.html
build/IPS-9-1980.html
build/KP-1-1983.html
build/KP-3-1983.html
build/PP-1-1945.html
build/PS-52-2010.html
build/PP-20-1983.html
build/KP-13-1990.html
build/PP-27-2010.html
build/PP-2-1983.html
build/PP-44-1981.html
build/IPS-13-2011.html
build/PP-13-1993.html
build/PERPRES-49-2010.html
build/PERPRES-47-2011.html
build/KP-31-2009.html
build/PP-35-1983.html
build/PP-52-2011.html
build/KEPPRES-14-1985.html
build/PERPRES-3-2010.html
build/PERPRES-1-2011.html
build/PP-32-1983.html
build/PBI-12-14-2010.html
build/PP-33-1983.html
build/KEPPRES-25-2009.html
build/PBI-13-11-2011.html
build/PP-73-2009.html
build/KEPPRES-34-1983.html
build/IPS-5-1982.html
build/KEPPRES-39-1980.html
build/PP-36-1984.html
build/IPS-5-2011.html
build/PP-1-1978.html
build/PERPRES-10-2005.html
build/KP-2-1990.html
build/KEPPRES-58-1983.html
build/PP-30-2010.html
build/KP-13-1984.html
build/PP-22-1983.html
build/KP-28-1984.html
build/PP-65-2009.html
build/IPS-5-1981.html
build/PP-1-2012.html
build/PP-15-1983.html
build/UU-10-2010.html
build/KP-9-1990.html
build/PP-16-1983.html
build/UU-15-2004.html
build/PP-9-2010.html
build/UU-2-2011.html
build/KEPPRES-31-1984.html
build/KEPPRES-25-1983.html
build/KEPPRES-28-1983.html
build/IPS-5-1980.html
build/PP-77-2009.html
build/KEPPRES-50-1980.html
build/PP-73-2010.html
build/PP-70-2009.html
build/PP-24-2010.html
build/PP-36-1980.html
build/IPS-3-1982.html
build/KEPPRES-29-1985.html
build/UU-1-2013.html
build/PP-18-1983.html
build/PP-78-2009.html
build/KEPPRES-39-1983.html
build/IPS-1-1982.html
build/PP-74-2010.html
build/PP-7-1984.html
build/PP-78-2007.html
build/KEPPRES-52-1983.html
build/PP-10-2010.html
build/PERPRES-87-2011.html
build/PERPRES-29-2010.html
build/UU-1-2010.html
build/KEPPRES-3-1985.html
build/IPS-11-1981.html
build/PP-19-2010.html
build/PP-21-2011.html
build/UU-13-2011.html
build/PS-52-2012.html
build/PERPRES-40-2011.html
build/KP-21-1983.html
build/KEPPRES-5-1983.html
build/KP-25-1984.html
build/PERPRES-20-2010.html
build/PP-31-2011-BT.html
build/PP-17-1984.html
build/PS-51-2012.html
build/KP-17-1984.html
build/PP-48-2010.html
build/KP-10-1990.html
build/PP-94-2010.html
build/PP-20-1984.html
build/KEPPRES-176-1999.html
build/KEPPRES-12-2004.html
build/PBI-12-1-2010.html
build/PERPRES-5-2010.html
build/PS-55-2012.html
build/PP-35-1984.html
build/KP-32-1984.html
build/KEPPRES-60-1983.html
build/PP-37-1983.html
build/PP-13-1984.html
build/IPS-4-1982.html
build/PP-11-2007.html
build/PP-26-2011.html
build/PP-69-2011.html
build/KEPPRES-40-1983.html
build/KP-30-1984.html
build/PS-112-2013.html
build/PP-9-2005.html
build/PP-3-2010.html
build/KEPPRES-38-1980.html
build/PBI-13-21-2011.html
build/PP-32-2011.html
build/PP-6-1984.html
build/KEPPRES-20-1983.html
build/PP-52-2009.html
build/PP-4-2010.html
build/PP-44-2011.html
build/KP-4-1984.html
build/KEPPRES-56-1983.html
build/KP-8-1990.html
build/KEPPRES-68-1983.html
build/IPS-15-1980.html
build/KP-8-1984.html
build/PS-73-2012.html
build/INP-9-1984.html
build/PP-7-1983.html
build/PP-71-2009.html
build/KP-14-1990.html
build/KEPPRES-20-2011.html
build/BPK-4-2010.html
build/PBI-12-5-2010.html
build/PP-36-1993.html
build/KEPPRES-87-1999.html
build/KEPPRES-16-1983.html
build/KEPPRES-45-1983.html
build/PERPRES-25-2010.html
build/PP-13-2010.html
build/IPS-3-1980.html
build/IPS-8-2011.html
build/IPS-14-1981.html
build/KEPPRES-30-1983.html
build/KEPPRES-5-2007.html
build/KEPPRES-57-1980.html
build/UU-49-2009.html
build/KEPPRES-120-2001.html
build/KEPPRES-2-1985.html
build/PP-88-2010.html
build/KEPPRES-44-1980.html
build/PP-17-1983.html
build/KP-9-1984.html
build/UU-11-2010.html
build/PP-12-2007.html
build/KEPPRES-27-2009.html
build/PP-71-2010.html
build/PP-17-2010.html
build/IPS-6-2011.html
build/KP-21-1984.html
build/KEPPRES-55-1980.html
build/KP-43-1990.html
build/UU-39-2009.html
build/KEPPRES-19-1983.html
build/KEPPRES-31-1983.html
build/KEPPRES-65-1983.html
build/IPS-10-2011.html
build/PERPRES-25-2005.html
build/PP-34-1983.html
build/PERPRES-49-2009.html
build/PP-31-2011.html
build/PP-34-1984.html
build/KEPPRES-59-1983.html
build/PP-30-2011.html
build/IPS-16-1980.html
build/PERPRES-50-2010.html
build/KEPPRES-30-2009.html
build/PP-42-2004.html
build/KP-11-1984.html
build/KP-12-1990.html
build/PP-12-1985.html
build/KEPPRES-12-1983.html
build/KP-9-1983.html
build/KEPPRES-3-2002.html
build/KEPPRES-66-1983.html
build/UU-47-2009.html
build/PP-26-1983.html
build/KEPPRES-1-2004.html
build/KEPPRES-67-1983.html
build/PP-26-1985.html
build/PP-23-1983.html
build/PP-93-2010.html
build/IPS-6-1981.html
build/UU-15-2011.html
build/PP-13-1983.html
build/PS-46-2009.html
build/KEPPRES-26-2009.html
build/PP-16-2011.html
build/PP-19-1984.html
build/PP-28-1983.html
build/KP-27-1983.html
build/IPS-2-2010.html
build/KP-2-1983.html
build/KEPPRES-36-2009.html
build/PP-18-1984.html
build/KEPPRES-54-1980.html
build/IPS-2-1982.html
build/KEPPRES-24-1983.html
build/KEPPRES-23-1983.html
build/PP-27-2011.html
build/PERPRES-67-2005.html
build/KEPPRES-32-1982.html
build/IPS-7-1982.html
build/KEPPRES-7-1983.html
build/INP-8-1984.html
build/KEPPRES-15-1983.html
build/KEPPRES-64-1983.html
build/KEPPRES-15-1982.html
build/KEPPRES-74-1984.html
build/UU-10-2013.html
build/BPK-3-2011.html
build/KEPPRES-48-1980.html
build/KEPPRES-48-1983.html
build/PP-11-1984.html
build/PP-1-1983.html
build/UU-7-1987.html
build/INP-4-1984.html
build/PP-2-2013-PJL.html
build/KP-35-1990.html
build/PP-42-1993.html
build/UU-24-2011.html
build/KEPPRES-19-2006.html
build/KP-1-1984.html
build/KEPPRES-44-1983.html
build/PP-61-2011.html
build/KEPPRES-8-1983.html
build/KP-33-1984.html
build/KP-12-1984.html
build/KEPPRES-32-1983.html
build/PP-87-2010.html
build/KEPPRES-41-1983.html
build/KEPPRES-32-2009.html
build/IPS-12-1980.html
build/PP-12-1983.html
build/PP-40-1993.html
build/PERPRES-9-2010.html
build/PP-67-2009.html
build/KP-4-1983.html
build/PP-23-2011.html
build/PERPRES-1-2010.html
build/PP-3-1983.html
build/IPS-11-1980.html
build/PERPRES-2-2011.html
build/PS-76-2012.html
build/KEPPRES-9-1982.html
build/PS-6-2010.html
build/KEPPRES-33-2009.html
build/UU-7-1983.html
build/IPS-1-2010.html
build/KP-3-1990.html
build/PP-16-2010.html
build/KEPPRES-63-1983.html
build/PP-8-1983.html
build/KEPPRES-57-1983.html
build/PBI-12-9-2010.html
build/KP-7-1984.html
build/PP-38-1983.html
build/PP-28-2011.html
build/IPS-1-2011.html
build/PBI-13-25-2011.html
build/PS-74-2012.html
build/KEPPRES-42-1980.html
build/KEPPRES-122-2000.html
build/PP-26-2010.html
build/KP-16-1984.html
build/PERPRES-35-2009.html
build/PP-6-2010.html
build/PERPRES-36-2011.html
build/IPS-14-1980.html
build/PS-16-2010.html
build/IPS-11-1982.html
build/PP-24-2011.html
build/IPS-4-2011.html
build/KP-15-1984.html
build/PS-32-2010.html
build/KEPPRES-33-1983.html
build/KEPPRES-17-1983.html
build/PP-29-2010.html
build/PERPRES-111-2007.html
build/KEPPRES-49-1980.html
build/PP-75-2010.html
build/UU-9-2010.html
build/KEPPRES-50-1983.html
build/INP-5-1984.html
build/PP-42-2013-PJL.html
build/KEPPRES-36-1983.html
build/PP-4-1983.html
build/PP-11-1983.html
build/KP-6-1984.html
build/KEPPRES-62-1983.html
build/PP-34-2011.html
build/UU-11-1974.html
build/PP-65-2010.html
build/KEPPRES-6-1983.html
build/PP-76-2009.html
build/INP-6-1984.html
build/PERPRES-48-2011.html
build/KEPPRES-11-1983.html
build/IPS-7-2011.html
build/KEPPRES-75-1984.html
build/KEPPRES-13-1983.html
build/IPS-10-1980.html
build/KEPPRES-5-1985.html
build/PERPRES-11-2005.html
build/PP-31-1983.html
build/PP-51-2009.html
build/KEPPRES-52-1980.html
build/PP-32-2010.html
build/KEPPRES-49-1983.html
build/KEPPRES-29-1983.html
build/KEPPRES-54-1983.html
build/PP-9-1993.html
build/PP-58-2011.html
build/IPS-6-1982.html
build/KEPPRES-37-1983.html
build/KP-19-1984.html
build/PP-85-2010.html
build/PP-09-2002.html
build/PP-19-1983.html
build/KEPPRES-36-1980.html
build/PBI-13-4-2011.html
build/PP-39-1993.html
build/PERPRES-38-2009.html
build/INP-2-1984.html
build/PP-10-1984.html
build/KP-46-1996.html
build/PP-57-2009.html
build/PERPRES-24-2005.html
build/PS-42-2009.html
build/PERPRES-2-2010.html
build/PP-29-1983.html
build/PP-84-2010.html
build/PP-78-2011.html
build/IPS-4-1980.html
build/KEPPRES-7-1985.html
build/IPS-7-1980.html
build/KP-1-1982.html
build/UU-1-1945.html
build/PP-27-1983.html
build/PERPRES-15-2010.html
build/PP-60-2011.html
build/PS-79-2010.html
build/KP-5-1984.html
build/IPS-8-1980.html
build/KP-29-1984.html
build/PP-24-1983.html
build/KEPPRES-42-1983.html
build/PP-4-1984.html
build/INP-7-1984.html
build/KEPPRES-46-1983.html
build/KEPPRES-53-1980.html
build/PP-17-2013-PJL.html
build/PP-67-2010.html
build/KP-38-1983.html
build/PP-2-1984.html
build/PP-66-2011.html
build/UU-20-2011.html
build/KEPPRES-61-1983.html
build/BPK-2-2010.html
build/KP-18-1984.html
build/KEPPRES-43-1980.html
build/IPS-13-1980.html
build/PP-25-1983.html
build/PP-14-2007.html
build/PERPRES-4-2010.html
build/KEPPRES-54-2000.html
build/PERPRES-23-2010.html
build/PERPRES-12-2010.html
build/PP-42-1980.html
build/PP-5-2010.html
build/KEPPRES-18-1983.html
build/PP-64-2009.html
build/PP-15-2010.html
build/PP-13-2007.html
build/KEPPRES-35-1983.html
build/PBI-11-33-2009.html
build/IPS-3-2011.html
build/PP-6-1983.html
build/UU-4-1950.html
build/KEPPRES-10-1983.html
build/UU-10-2004.html
build/KP-5-2011.html
build/KP-6-1990.html
build/PP-90-2010.html
build/UU-7-2011.html
build/KEPPRES-14-1983.html
build/PP-23-2010.html
build/PP-54-2009.html
build/IPS-4-1981.html
build/KP-14-1984.html
build/IPS-2-2011.html
build/UU-1-1955.html
build/IPS-9-2011.html
build/PERPRES-23-2011.html
build/PP-3-2011.html
build/IPS-1-1980.html
build/BPK-1-2010.html
build/PP-11-2010.html
build/KEPPRES-51-1983.html
build/PP-5-1983.html
build/UU-13-2003.html
build/PP-53-2009.html
build/PERPRES-77-2011.html
build/PP-91-2010.html
build/PERPRES-36-2009.html
build/PP-30-1983.html
build/IPS-7-1981.html
build/UU-11-1990.html
build/PP-34-2010.html
build/KEPPRES-47-1980.html
build/UU-6-2010.html
