build/KP-10-1984.html
build/KEPPRES-112-2001.html
build/KEPPRES-41-2003.html
build/PERPRES-64-2005.html
build/KEPPRES-62-2001.html
build/KEPPRES-45-2004.html
build/KEPPRES-66-2003.html
build/KEPPRES-67-1984.html
build/PERPRES-2-2005.html
build/KEPPRES-129-2001.html
build/KP-11-2005.html
build/PERPRES-43-2007.html
build/IPS-6-1980.html
build/KEPPRES-87-2002.html
build/KP-57-2002.html
build/PERPRES-38-2011.html
build/KEPPRES-37-1999.html
build/KEPPRES-146-2000.html
build/PERPRES-11-2006.html
build/KEPPRES-14-1980.html
build/PERPRES-8-2011.html
build/KEPPRES-19-2008.html
build/KEPPRES-34-1982.html
build/KEPPRES-22-1983.html
build/IPS-3-1983.html
build/KEPPRES-10-2008.html
build/PERPRES-48-2006.html
build/KEPPRES-17-2007.html
build/PERPRES-13-2006.html
build/KEPPRES-164-2000.html
build/KEPPRES-66-1992.html
build/KEPPRES-140-1999.html
build/KEPPRES-20-1980.html
build/KEPPRES-74-1982.html
build/KEPPRES-15-2011.html
build/KP-45-1984.html
build/KEPPRES-106-2003.html
build/PERPRES-60-2006.html
build/KEPPRES-11-2003.html
build/KEPPRES-29-1982.html
build/KEPPRES-28-2008.html
build/KEPPRES-53-1983.html
build/KEPPRES-28-2009.html
build/KEPPRES-110-2001.html
build/PERPRES-16-2008.html
build/KEPPRES-52-1981.html
build/INP-12-1984.html
build/KP-29-2009.html
build/KP-19-1990.html
build/KEPPRES-46-1980.html
build/KEPPRES-25-1980.html
build/PERPRES-13-2009.html
build/KEPPRES-170-2000.html
build/KEPPRES-18-2009.html
build/KEPPRES-84-1999.html
build/KEPPRES-2-1981.html
build/PERPRES-72-2011.html
build/KEPPRES-53-2003.html
build/KEPPRES-103-2004.html
build/KEPPRES-102-2003.html
build/IPS-15-1981.html
build/PERPRES-17-2011.html
build/KEPPRES-11-1985.html
build/IPS-3-1981.html
build/KEPPRES-26-1982.html
build/KEPPRES-128-2001.html
build/PERPRES-11-2008.html
build/KEPPRES-55-2001.html
build/KEPPRES-175-2000.html
build/KEPPRES-6-2002.html
build/IPS-9-1980.html
build/KP-1-1983.html
build/PERPRES-22-2011.html
build/KEPPRES-2-1980.html
build/PERPRES-20-2009.html
build/KEPPRES-16-2009.html
build/PERPRES-52-2011.html
build/KP-16-2005.html
build/KP-3-1983.html
build/KEPPRES-91-2004.html
build/KEPPRES-16-2003.html
build/PS-52-2010.html
build/KEPPRES-63-2002.html
build/PERPRES-48-2008.html
build/KEPPRES-49-1981.html
build/PERPRES-60-2011.html
build/KEPPRES-34-1980.html
build/KP-13-1990.html
build/KEPPRES-147-2000.html
build/KEPPRES-27-1985.html
build/KEPPRES-11-2006.html
build/KEPPRES-33-2004.html
build/KEPPRES-41-1982.html
build/PERPRES-45-2005.html
build/KEPPRES-24-2010.html
build/KEPPRES-21-1981.html
build/KEPPRES-77-1982.html
build/PERPRES-8-2005.html
build/KEPPRES-64-2003.html
build/KEPPRES-17-2003.html
build/KEPPRES-63-2003.html
build/PERPRES-51-2007.html
build/KEPPRES-70-2002.html
build/KEPPRES-117-1998.html
build/PERPRES-81-2006.html
build/IPS-13-2011.html
build/KEPPRES-25-2008.html
build/KEPPRES-53-1982.html
build/KEPPRES-52-1977.html
build/PERPRES-47-2011.html
build/PERPRES-27-2005.html
build/KEPPRES-5-2001.html
build/KEPPRES-59-2002.html
build/PP-45-2006.html
build/PERPRES-9-2006.html
build/KEPPRES-23-2004.html
build/PERPRES-53-2005.html
build/KEPPRES-51-1980.html
build/KEPPRES-109-2001.html
build/KEPPRES-40-2004.html
build/KP-59-1998.html
build/IPS-13-1981.html
build/KP-31-2009.html
build/KEPPRES-69-1982.html
build/KEPPRES-10-2006.html
build/KEPPRES-14-1985.html
build/PERPRES-73-2007.html
build/KEPPRES-86-2002.html
build/PERPRES-56-2005.html
build/KEPPRES-14-2006.html
build/PERPRES-1-2011.html
build/PERPRES-58-2006.html
build/PERPRES-30-2005.html
build/KEPPRES-9-2003.html
build/KEPPRES-72-2003.html
build/PERPRES-60-2007.html
build/KEPPRES-3-2007.html
build/KEPPRES-13-2004.html
build/KEPPRES-14-2001.html
build/KEPPRES-68-1984.html
build/KEPPRES-35-1980.html
build/KEPPRES-3-2008.html
build/PERPRES-49-2008.html
build/KEPPRES-25-2009.html
build/KEPPRES-52-1998.html
build/KEPPRES-122-2001.html
build/KEPPRES-28-1982.html
build/PERPRES-86-2007.html
build/PERPRES-30-2008.html
build/PERPRES-72-2006.html
build/PERPRES-34-2006.html
build/KEPPRES-23-2010.html
build/KEPPRES-26-1981.html
build/KEPPRES-35-2001.html
build/IPS-11-1983.html
build/KEPPRES-55-1984.html
build/PERPRES-29-2005.html
build/KEPPRES-34-1983.html
build/IPS-5-1982.html
build/KEPPRES-117-2001.html
build/KEPPRES-114-2001.html
build/PP-4-2006.html
build/KEPPRES-39-1980.html
build/KEPPRES-89-2004.html
build/IPS-5-2011.html
build/PERPRES-14-2008.html
build/IPS-13-1982.html
build/PERPRES-5-2006.html
build/KEPPRES-8-1981.html
build/KEPPRES-25-1985.html
build/PERPRES-5-2009.html
build/PERPRES-10-2005.html
build/KEPPRES-65-1982.html
build/KEPPRES-58-1983.html
build/KP-16-1990.html
build/KEPPRES-87-1998.html
build/KP-13-1984.html
build/KEPPRES-9-1980.html
build/KEPPRES-43-1984.html
build/KP-28-1984.html
build/KEPPRES-172-2000.html
build/KEPPRES-126-2000.html
build/PERPRES-94-2006.html
build/IPS-5-1981.html
build/KEPPRES-3-2009.html
build/KEPPRES-2-2009.html
build/PERPRES-37-2007.html
build/KEPPRES-162-2000.html
build/KEPPRES-163-2000.html
build/KEPPRES-12-2007.html
build/KEPPRES-12-2011.html
build/KEPPRES-64-2001.html
build/PERPRES-9-2008.html
build/PERPRES-85-2006.html
build/KP-9-1990.html
build/PERPRES-76-2005.html
build/PERPRES-51-2011.html
build/PERPRES-112-2007.html
build/KEPPRES-54-2004.html
build/PERPRES-35-2006.html
build/KEPPRES-50-2000.html
build/KEPPRES-25-1983.html
build/PERPRES-40-2009.html
build/IPS-8-1983.html
build/KP-35-1984.html
build/KEPPRES-31-1982.html
build/KEPPRES-4-2002.html
build/KEPPRES-82-1999.html
build/PERPRES-51-2005.html
build/IPS-12-1983.html
build/KEPPRES-28-1983.html
build/KEPPRES-48-2001.html
build/IPS-5-1980.html
build/PERPRES-33-2006.html
build/KEPPRES-139-2000.html
build/KEPPRES-11-2004.html
build/KEPPRES-25-2010.html
build/KEPPRES-50-1980.html
build/KEPPRES-54-1998.html
build/PERPRES-24-2006.html
build/PERPRES-23-2006.html
build/PERPRES-54-2010.html
build/KEPPRES-168-2000.html
build/PERPRES-59-2007.html
build/KEPPRES-63-1980.html
build/KEPPRES-5-2004.html
build/PERPRES-2-2009.html
build/KEPPRES-28-1980.html
build/IPS-10-1982.html
build/KEPPRES-88-2002.html
build/KEPPRES-100-2003.html
build/KP-4-2005.html
build/KEPPRES-10-2004.html
build/KEPPRES-15-2001.html
build/PERPRES-9-2011.html
build/PERPRES-54-2007.html
build/KEPPRES-28-2004.html
build/PERPRES-45-2011.html
build/KEPPRES-64-2000.html
build/IPS-3-1982.html
build/PERPRES-15-2007.html
build/KEPPRES-106-2004.html
build/PERPRES-1-2007.html
build/KEPPRES-144-1999.html
build/PERPRES-28-2006.html
build/KEPPRES-24-1999.html
build/KEPPRES-29-1985.html
build/PERPRES-14-2006.html
build/KEPPRES-51-2003.html
build/KEPPRES-5-1982.html
build/PERPRES-66-2007.html
build/PERPRES-41-2011.html
build/KEPPRES-107-2000.html
build/KEPPRES-39-1983.html
build/KP-42-2001.html
build/KEPPRES-1-2007.html
build/KEPPRES-113-2000.html
build/KEPPRES-86-1999.html
build/IPS-1-1982.html
build/PERPRES-38-2007.html
build/KP-4-1986.html
build/KP-14-2005.html
build/KEPPRES-166-2000.html
build/PERPRES-42-2008.html
build/PERPRES-57-2006.html
build/KEPPRES-15-2007.html
build/KEPPRES-66-2000.html
build/KEPPRES-84-1982.html
build/KEPPRES-44-2003.html
build/KEPPRES-51-1998.html
build/KP-20-1984.html
build/KEPPRES-26-2001.html
build/KEPPRES-75-1982.html
build/KEPPRES-52-1983.html
build/KEPPRES-99-1999.html
build/PERPRES-29-2010.html
build/KEPPRES-94-1999.html
build/PERPRES-54-2008.html
build/KEPPRES-35-1982.html
build/KEPPRES-57-1982.html
build/KP-39-1984.html
build/KEPPRES-123-2001.html
build/KEPPRES-67-2001.html
build/PERPRES-12-2009.html
build/PERPRES-8-2008.html
build/KEPPRES-3-1985.html
build/PERPRES-65-2011.html
build/KEPPRES-27-1999.html
build/PERPRES-31-2007.html
build/KEPPRES-2-2011.html
build/PERPRES-15-2006.html
build/KEPPRES-60-2004.html
build/IPS-11-1981.html
build/KP-60-1996.html
build/KP-12-2005.html
build/KEPPRES-8-1999.html
build/KEPPRES-27-2010.html
build/PERPRES-50-2006.html
build/KEPPRES-50-2003.html
build/PERPRES-15-2008.html
build/PERPRES-62-2007.html
build/KEPPRES-35-2004.html
build/PERPRES-104-2007.html
build/PERPRES-49-2005.html
build/KEPPRES-2-2008.html
build/KEPPRES-10-2003.html
build/PERPRES-33-2008.html
build/KP-21-2004.html
build/PERPRES-17-2007.html
build/KEPPRES-76-2000.html
build/KEPPRES-61-1980.html
build/KP-47-1990.html
build/PERPRES-40-2011.html
build/KEPPRES-99-2004.html
build/KEPPRES-5-1983.html
build/KP-25-1984.html
build/KEPPRES-17-1985.html
build/KEPPRES-14-2002.html
build/PERPRES-54-2006.html
build/PERPRES-50-2011.html
build/PERPRES-74-2006.html
build/KEPPRES-3-1981.html
build/IPS-1-1981.html
build/KEPPRES-177-1999.html
build/PERPRES-29-2006.html
build/KEPPRES-17-1982.html
build/KEPPRES-79-2001.html
build/KEPPRES-1-2002.html
build/KEPPRES-49-2001.html
build/KEPPRES-61-1984.html
build/KP-51-1981.html
build/KP-17-1984.html
build/KEPPRES-19-2004.html
build/KEPPRES-158-2000.html
build/KEPPRES-28-2010.html
build/IPS-7-1983.html
build/KEPPRES-12-2006.html
build/KEPPRES-20-2004.html
build/KEPPRES-9-2006.html
build/KP-5-1990.html
build/KEPPRES-147-1999.html
build/PERPRES-7-2006.html
build/PERPRES-28-2008.html
build/PERPRES-61-2005.html
build/KEPPRES-8-2000.html
build/KEPPRES-85-1999.html
build/KP-10-1990.html
build/KEPPRES-12-2004.html
build/PERPRES-5-2010.html
build/PERPRES-6-2011.html
build/KEPPRES-73-1982.html
build/KEPPRES-10-2009.html
build/PERPRES-39-2011.html
build/IPS-15-1983.html
build/KEPPRES-88-1999.html
build/KEPPRES-31-1980.html
build/PERPRES-55-2007.html
build/PERPRES-11-2011.html
build/PERPRES-77-2007.html
build/KEPPRES-22-1981.html
build/KP-5-2005.html
build/KP-32-1984.html
build/KEPPRES-4-2008.html
build/KEPPRES-143-1999.html
build/KEPPRES-60-1983.html
build/PERPRES-3-2007.html
build/KEPPRES-52-2001.html
build/KEPPRES-124-2000.html
build/IPS-4-1982.html
build/KEPPRES-17-2002.html
build/PERPRES-1-2009.html
build/KEPPRES-12-2008.html
build/KP-48-1990.html
build/KEPPRES-38-1982.html
build/PERPRES-9-2009.html
build/KEPPRES-27-2008.html
build/PERPRES-17-2009.html
build/KEPPRES-3-2001.html
build/PERPRES-39-2007.html
build/KEPPRES-18-2010.html
build/KEPPRES-3-2011.html
build/KP-10-1986.html
build/PERPRES-33-2007.html
build/KEPPRES-40-1983.html
build/PERPRES-23-2008.html
build/KEPPRES-46-1981.html
build/KEPPRES-96-1999.html
build/KEPPRES-110-2004.html
build/KEPPRES-102-1999.html
build/PERPRES-41-2009.html
build/KEPPRES-8-2008.html
build/KEPPRES-73-1984.html
build/KP-30-1984.html
build/KEPPRES-10-2001.html
build/KEPPRES-38-1980.html
build/PERPRES-63-2011.html
build/PERPRES-91-2006.html
build/KEPPRES-48-2002.html
build/KEPPRES-4-1980.html
build/KEPPRES-37-2004.html
build/KEPPRES-13-2001.html
build/KEPPRES-32-1981.html
build/KEPPRES-26-2008.html
build/KEPPRES-20-1983.html
build/KEPPRES-56-1982.html
build/KEPPRES-150-2000.html
build/KP-43-1981.html
build/KP-4-1984.html
build/KEPPRES-67-2003.html
build/KEPPRES-73-2000.html
build/KEPPRES-4-2004.html
build/PERPRES-53-2006.html
build/KEPPRES-56-1983.html
build/KEPPRES-16-2001.html
build/KEPPRES-61-2003.html
build/KEPPRES-87-2004.html
build/KP-8-1990.html
build/IPS-6-1983.html
build/KEPPRES-24-2004.html
build/KEPPRES-68-1983.html
build/KEPPRES-25-1981.html
build/KEPPRES-5-2010.html
build/PERPRES-25-2008.html
build/KEPPRES-8-2004.html
build/IPS-15-1980.html
build/PERPRES-42-2006.html
build/KEPPRES-24-2005.html
build/PERPRES-28-2005.html
build/KEPPRES-4-2011.html
build/KEPPRES-30-1982.html
build/KEPPRES-9-1999.html
build/PERPRES-31-2009.html
build/PERPRES-84-2006.html
build/KEPPRES-45-2003.html
build/KP-8-1984.html
build/PERPRES-57-2007.html
build/KEPPRES-14-2007.html
build/KEPPRES-76-1998.html
build/INP-9-1984.html
build/KEPPRES-32-1980.html
build/KEPPRES-111-2001.html
build/KEPPRES-29-2002.html
build/PERPRES-3-2011.html
build/KEPPRES-2-1982.html
build/PERPRES-54-2005.html
build/KP-14-1990.html
build/PERPRES-43-2006.html
build/IPS-16-1983.html
build/KEPPRES-65-1984.html
build/KEPPRES-15-2009.html
build/KEPPRES-19-2000.html
build/KP-26-2005.html
build/KEPPRES-20-2008.html
build/PS-43-2009.html
build/KEPPRES-22-1999.html
build/PERPRES-65-2006.html
build/KEPPRES-78-1982.html
build/KP-48-1984.html
build/PERPRES-67-2007.html
build/PERPRES-42-2007.html
build/KEPPRES-103-2003.html
build/KEPPRES-83-2004.html
build/KEPPRES-49-1999.html
build/KEPPRES-33-1999.html
build/PERPRES-97-2007.html
build/KEPPRES-19-2002.html
build/KEPPRES-69-2001.html
build/KEPPRES-15-1985.html
build/KEPPRES-3-2006.html
build/PERPRES-43-2008.html
build/KEPPRES-30-1980.html
build/PERPRES-58-2011.html
build/KEPPRES-29-2004.html
build/KEPPRES-23-2006.html
build/KEPPRES-20-2011.html
build/KEPPRES-52-1982.html
build/KEPPRES-65-2001.html
build/KP-23-1990.html
build/KEPPRES-6-2006.html
build/KEPPRES-62-1980.html
build/KEPPRES-142-1999.html
build/KEPPRES-23-2007.html
build/KEPPRES-87-1999.html
build/PERPRES-59-2011.html
build/KEPPRES-71-1980.html
build/KEPPRES-16-1983.html
build/KEPPRES-45-1983.html
build/PERPRES-28-2007.html
build/PERPRES-12-2011.html
build/PERPRES-25-2010.html
build/KP-22-1990.html
build/KEPPRES-43-1982.html
build/PERPRES-22-2007.html
build/KEPPRES-4-2009.html
build/KEPPRES-25-2005.html
build/KEPPRES-12-1981.html
build/KEPPRES-85-2000.html
build/KEPPRES-87-2003.html
build/KEPPRES-68-2003.html
build/KEPPRES-5-1981.html
build/KEPPRES-34-1999.html
build/PERPRES-62-2005.html
build/PERPRES-75-2007.html
build/KEPPRES-42-1982.html
build/IPS-3-1980.html
build/KEPPRES-2-1997.html
build/KP-4-1990.html
build/KEPPRES-1-2006.html
build/IPS-8-2011.html
build/IPS-14-1981.html
build/KEPPRES-109-2004.html
build/KEPPRES-40-2001.html
build/PERPRES-14-2007.html
build/KEPPRES-30-1983.html
build/PERPRES-88-2006.html
build/KEPPRES-21-2001.html
build/KEPPRES-22-2001.html
build/KEPPRES-5-2007.html
build/KP-7-1990.html
build/IPS-13-1983.html
build/KEPPRES-57-1980.html
build/KEPPRES-18-1982.html
build/KEPPRES-7-2006.html
build/PERPRES-16-2009.html
build/KEPPRES-120-2001.html
build/KEPPRES-2-1985.html
build/KEPPRES-31-1985.html
build/KEPPRES-44-1980.html
build/KEPPRES-109-2000.html
build/KEPPRES-62-2002.html
build/KEPPRES-47-2002.html
build/KP-9-1984.html
build/KEPPRES-85-2003.html
build/PERPRES-82-2007.html
build/KEPPRES-21-2010.html
build/KEPPRES-14-2010.html
build/KEPPRES-38-2001.html
build/KEPPRES-13-2006.html
build/KEPPRES-52-2003.html
build/PERPRES-46-2008.html
build/KEPPRES-36-1982.html
build/KEPPRES-64-2002.html
build/KEPPRES-27-2009.html
build/PERPRES-44-2007.html
build/PERPRES-26-2006.html
build/IPS-6-2011.html
build/KEPPRES-24-2000.html
build/PERPRES-68-2005.html
build/KP-21-1984.html
build/PERPRES-89-2007.html
build/KEPPRES-55-1980.html
build/KEPPRES-60-1980.html
build/PERPRES-35-2008.html
build/KEPPRES-70-1982.html
build/KEPPRES-27-2001.html
build/PERPRES-52-2005.html
build/KEPPRES-19-1983.html
build/PERPRES-20-2011.html
build/PERPRES-71-2006.html
build/KEPPRES-47-1982.html
build/PERPRES-21-2009.html
build/IPS-14-1983.html
build/PERPRES-75-2005.html
build/KEPPRES-31-1983.html
build/PERPRES-83-2007.html
build/KEPPRES-49-2004.html
build/KEPPRES-65-1983.html
build/KEPPRES-123-2000.html
build/KEPPRES-25-1982.html
build/IPS-10-2011.html
build/KEPPRES-78-2003.html
build/KEPPRES-40-1980.html
build/PERPRES-55-2006.html
build/KEPPRES-107-2004.html
build/KEPPRES-11-1999.html
build/KEPPRES-32-2004.html
build/KEPPRES-59-1983.html
build/PERPRES-77-2005.html
build/KEPPRES-94-2004.html
build/PERPRES-15-2009.html
build/KEPPRES-45-1982.html
build/PERPRES-21-2011.html
build/KEPPRES-25-2011.html
build/IPS-16-1980.html
build/PERPRES-50-2010.html
build/KEPPRES-82-2000.html
build/KEPPRES-30-2009.html
build/KEPPRES-17-1980.html
build/KEPPRES-121-2000.html
build/PERPRES-46-2011.html
build/KEPPRES-31-1999.html
build/PERPRES-1-2008.html
build/KEPPRES-42-1984.html
build/PERPRES-5-2007.html
build/PERPRES-58-2005.html
build/PERPRES-52-2007.html
build/PERPRES-50-2005.html
build/KP-11-1984.html
build/PERPRES-56-2006.html
build/KP-12-1990.html
build/KEPPRES-46-1984.html
build/KEPPRES-21-2006.html
build/PERPRES-9-2005.html
build/KEPPRES-12-1983.html
build/KEPPRES-4-2010.html
build/KEPPRES-39-2002.html
build/PERPRES-1-2006.html
build/KEPPRES-107-2001.html
build/KEPPRES-3-2002.html
build/KEPPRES-66-1983.html
build/PERPRES-10-2009.html
build/KEPPRES-69-2003.html
build/KEPPRES-44-2004.html
build/KEPPRES-32-2001.html
build/KEPPRES-119-1999.html
build/PERPRES-29-2007.html
build/KEPPRES-36-2004.html
build/KEPPRES-86-2003.html
build/KEPPRES-81-2003.html
build/PERPRES-14-2011.html
build/KEPPRES-1-2004.html
build/KEPPRES-67-1983.html
build/KEPPRES-54-1982.html
build/KEPPRES-32-1985.html
build/PERPRES-42-2005.html
build/KP-40-1984.html
build/KEPPRES-100-2001.html
build/KP-93-2004.html
build/IPS-6-1981.html
build/KEPPRES-39-1982.html
build/KEPPRES-2-2003.html
build/KEPPRES-9-2007.html
build/KEPPRES-7-1981.html
build/KEPPRES-26-2009.html
build/PERPRES-4-2009.html
build/KEPPRES-10-2002.html
build/KP-56-2002.html
build/PERPRES-76-2007.html
build/KEPPRES-62-2003.html
build/PERPRES-5-2011.html
build/KP-88-2003.html
build/IPS-10-1981.html
build/PERPRES-107-2006.html
build/KEPPRES-28-2006.html
build/PERPRES-90-2006.html
build/KEPPRES-171-2000.html
build/KEPPRES-14-2011.html
build/KEPPRES-125-1999.html
build/KEPPRES-72-2002.html
build/PERPRES-50-2008.html
build/KEPPRES-46-2003.html
build/PERPRES-70-2005.html
build/KEPPRES-16-1999.html
build/KEPPRES-26-2011.html
build/PERPRES-31-2005.html
build/IPS-2-2010.html
build/KEPPRES-40-2002.html
build/KEPPRES-24-2006.html
build/KEPPRES-7-2007.html
build/KEPPRES-106-2000.html
build/KEPPRES-13-2008.html
build/KP-11-1990.html
build/KP-6-2005.html
build/KP-2-1983.html
build/KEPPRES-64-2004.html
build/KEPPRES-80-1999.html
build/KEPPRES-65-2003.html
build/PERPRES-32-2011.html
build/KEPPRES-16-1982.html
build/KEPPRES-36-2009.html
build/PERPRES-50-2007.html
build/KEPPRES-15-2002.html
build/PERPRES-92-2006.html
build/KEPPRES-19-2007.html
build/KEPPRES-86-2004.html
build/KEPPRES-38-1981.html
build/KEPPRES-24-2003.html
build/KEPPRES-113-2001.html
build/KEPPRES-43-1983.html
build/KEPPRES-68-2002.html
build/PERPRES-13-2010.html
build/KP-15-1990.html
build/KEPPRES-54-1980.html
build/IPS-2-1982.html
build/PERPRES-67-2011.html
build/KEPPRES-22-2002.html
build/KEPPRES-22-2004.html
build/KEPPRES-50-2004.html
build/KEPPRES-87-2000.html
build/KEPPRES-1-1980.html
build/KEPPRES-111-2004.html
build/KEPPRES-24-1983.html
build/KEPPRES-22-2007.html
build/KEPPRES-23-1983.html
build/IPS-5-1983.html
build/PERPRES-96-2006.html
build/PERPRES-67-2005.html
build/KEPPRES-12-1982.html
build/KEPPRES-32-1982.html
build/PS-51-2010.html
build/PERPRES-3-2006.html
build/IPS-7-1982.html
build/KEPPRES-27-2004.html
build/KEPPRES-20-2001.html
build/PERPRES-57-2005.html
build/KEPPRES-49-1982.html
build/KEPPRES-90-1999.html
build/KEPPRES-19-2005.html
build/KEPPRES-7-1983.html
build/PERPRES-71-2011.html
build/PERPRES-13-2007.html
build/KEPPRES-115-2001.html
build/INP-8-1984.html
build/KEPPRES-58-1982.html
build/INP-11-1984.html
build/KEPPRES-178-2000.html
build/KEPPRES-1-2008.html
build/KEPPRES-15-1983.html
build/KEPPRES-83-1999.html
build/KEPPRES-77-2003.html
build/KEPPRES-64-1983.html
build/KEPPRES-17-2001.html
build/IPS-4-1983.html
build/PERPRES-19-2007.html
build/KEPPRES-19-1980.html
build/KEPPRES-24-2007.html
build/KEPPRES-18-2005.html
build/KEPPRES-61-2001.html
build/PERPRES-10-2006.html
build/KEPPRES-15-1982.html
build/PERPRES-12-2006.html
build/KEPPRES-74-1984.html
build/IPS-8-1982.html
build/KEPPRES-68-1982.html
build/KEPPRES-9-2011.html
build/KP-21-2005.html
build/KEPPRES-71-2001.html
build/PERPRES-30-2006.html
build/KEPPRES-48-1980.html
build/PERPRES-3-2004.html
build/KEPPRES-16-1980.html
build/KEPPRES-145-1999.html
build/PERPRES-106-2006.html
build/KEPPRES-3-1980.html
build/KEPPRES-47-2001.html
build/KEPPRES-16-2007.html
build/KEPPRES-48-1983.html
build/KP-2-2005.html
build/KEPPRES-48-1982.html
build/PERPRES-26-2009.html
build/KEPPRES-12-2009.html
build/PERPRES-48-2007.html
build/PERPRES-25-2006.html
build/PERPRES-7-2007.html
build/PERPRES-31-2006.html
build/INP-10-1984.html
build/PERPRES-77-2006.html
build/KEPPRES-29-2010.html
build/KEPPRES-22-2010.html
build/KEPPRES-75-1980.html
build/KP-58-2002.html
build/KEPPRES-18-2011.html
build/PERPRES-22-2008.html
build/KEPPRES-44-1981.html
build/KP-37-1984.html
build/PERPRES-52-2006.html
build/KEPPRES-22-2009.html
build/KEPPRES-159-2000.html
build/KEPPRES-23-2001.html
build/INP-4-1984.html
build/KP-35-1990.html
build/PERPRES-26-2007.html
build/KEPPRES-10-1981.html
build/PERPRES-20-2007.html
build/KEPPRES-65-2002.html
build/KEPPRES-9-2009.html
build/KEPPRES-84-2004.html
build/PERPRES-2-2006.html
build/KEPPRES-19-2006.html
build/PERPRES-28-2011.html
build/KEPPRES-11-2008.html
build/KEPPRES-107-2003.html
build/KP-36-1984.html
build/KEPPRES-43-1991.html
build/PERPRES-25-2007.html
build/KEPPRES-25-2001.html
build/KEPPRES-18-2002.html
build/PERPRES-22-2009.html
build/KEPPRES-17-2009.html
build/IPS-9-1981.html
build/PERPRES-110-2007.html
build/KEPPRES-42-2004.html
build/KEPPRES-44-1984.html
build/KEPPRES-93-1999.html
build/KP-1-1984.html
build/KEPPRES-50-2001.html
build/KEPPRES-4-1981.html
build/KEPPRES-44-1983.html
build/KEPPRES-27-2006.html
build/KEPPRES-30-1999.html
build/KEPPRES-11-2007.html
build/PERPRES-27-2008.html
build/KEPPRES-8-1983.html
build/KEPPRES-74-1980.html
build/PERPRES-38-2006.html
build/KP-33-1984.html
build/KP-12-1984.html
build/KEPPRES-32-1983.html
build/KEPPRES-23-2009.html
build/KEPPRES-15-1999.html
build/KEPPRES-70-2004.html
build/KEPPRES-41-1983.html
build/KEPPRES-32-2009.html
build/PERPRES-66-2006.html
build/KEPPRES-20-1981.html
build/IPS-12-1980.html
build/KEPPRES-20-1999.html
build/KEPPRES-8-1980.html
build/PERPRES-65-2005.html
build/PERPRES-34-2005.html
build/KEPPRES-16-2006.html
build/PERPRES-74-2005.html
build/KEPPRES-42-1999.html
build/KEPPRES-134-1999.html
build/KEPPRES-90-2000.html
build/PERPRES-9-2010.html
build/KEPPRES-6-2007.html
build/PP-5-1996.html
build/KP-4-1983.html
build/KP-31-1990.html
build/KEPPRES-43-2001.html
build/PERPRES-63-2006.html
build/KEPPRES-71-1982.html
build/KEPPRES-22-1980.html
build/KEPPRES-22-2008.html
build/KEPPRES-14-1981.html
build/KEPPRES-103-2001.html
build/PERPRES-47-2006.html
build/KEPPRES-42-2003.html
build/IPS-11-1980.html
build/PERPRES-2-2011.html
build/KEPPRES-37-2001.html
build/PERPRES-81-2005.html
build/KEPPRES-75-2003.html
build/KEPPRES-22-2011.html
build/KEPPRES-59-2001.html
build/PERPRES-27-2009.html
build/PERPRES-35-2011.html
build/IPS-2-1983.html
build/PERPRES-30-2007.html
build/KEPPRES-17-1981.html
build/KEPPRES-60-2003.html
build/KEPPRES-9-1982.html
build/KEPPRES-66-2002.html
build/PERPRES-20-2006.html
build/KEPPRES-6-2009.html
build/KEPPRES-38-2002.html
build/PS-6-2010.html
build/KEPPRES-16-2004.html
build/KEPPRES-1-2011.html
build/KEPPRES-33-2009.html
build/KEPPRES-101-2004.html
build/KEPPRES-152-2000.html
build/KEPPRES-72-1980.html
build/KEPPRES-16-1981.html
build/KEPPRES-69-2002.html
build/KEPPRES-12-1999.html
build/KEPPRES-92-2004.html
build/IPS-1-2010.html
build/KEPPRES-31-2002.html
build/KEPPRES-40-1981.html
build/KEPPRES-59-1982.html
build/KEPPRES-12-2002.html
build/KEPPRES-2-2002.html
build/PERPRES-26-2008.html
build/PERPRES-67-2006.html
build/KEPPRES-25-2004.html
build/KEPPRES-18-2001.html
build/KEPPRES-63-1983.html
build/KEPPRES-40-2003.html
build/KEPPRES-13-1981.html
build/KEPPRES-19-1982.html
build/KP-7-1984.html
build/KEPPRES-26-1985.html
build/KEPPRES-6-1999.html
build/KEPPRES-135-1999.html
build/KEPPRES-1-2009.html
build/PERPRES-83-2006.html
build/KEPPRES-10-2011.html
build/KEPPRES-12-2010.html
build/KEPPRES-61-2002.html
build/PERPRES-105-2007.html
build/KEPPRES-21-2011.html
build/IPS-1-2011.html
build/KEPPRES-20-2005.html
build/PERPRES-66-2005.html
build/KEPPRES-35-1981.html
build/KEPPRES-70-2003.html
build/PERPRES-100-2006.html
build/KEPPRES-7-2002.html
build/KEPPRES-138-2000.html
build/PERPRES-61-2011.html
build/KEPPRES-161-2000.html
build/KEPPRES-66-1982.html
build/PERPRES-62-2006.html
build/PERPRES-10-2007.html
build/KEPPRES-42-1980.html
build/KEPPRES-122-2000.html
build/KEPPRES-27-1980.html
build/KEPPRES-27-1981.html
build/PERPRES-1-2005.html
build/KEPPRES-80-1982.html
build/KEPPRES-37-1981.html
build/KP-16-1984.html
build/KEPPRES-58-2001.html
build/PERPRES-79-2005.html
build/KEPPRES-95-1999.html
build/PERPRES-35-2009.html
build/KEPPRES-26-2010.html
build/KEPPRES-10-1980.html
build/PERPRES-93-2007.html
build/KEPPRES-28-1985.html
build/PERPRES-36-2011.html
build/KEPPRES-14-2004.html
build/KEPPRES-39-1981.html
build/PERPRES-112-2006.html
build/KEPPRES-61-2000.html
build/PERPRES-64-2006.html
build/PERPRES-105-2006.html
build/IPS-14-1980.html
build/KEPPRES-21-1999.html
build/PERPRES-75-2006.html
build/PERPRES-45-2007.html
build/PS-16-2010.html
build/KEPPRES-54-2003.html
build/IPS-1-1983.html
build/KEPPRES-57-1981.html
build/IPS-12-1981.html
build/KEPPRES-17-2005.html
build/KEPPRES-89-1999.html
build/KEPPRES-21-2007.html
build/KEPPRES-7-2009.html
build/KEPPRES-24-2009.html
build/KEPPRES-65-2004.html
build/KEPPRES-62-1984.html
build/IPS-11-1982.html
build/KEPPRES-62-2000.html
build/PERPRES-4-2008.html
build/KEPPRES-53-1998.html
build/KEPPRES-14-1982.html
build/KEPPRES-41-1984.html
build/PERPRES-39-2006.html
build/KEPPRES-34-2002.html
build/KEPPRES-2-2004.html
build/PERPRES-15-2011.html
build/KEPPRES-104-2001.html
build/IPS-4-2011.html
build/PERPRES-21-2008.html
build/KP-15-1984.html
build/KEPPRES-37-1982.html
build/PS-32-2010.html
build/KEPPRES-116-2000.html
build/KEPPRES-33-1983.html
build/KEPPRES-32-1999.html
build/PERPRES-30-2009.html
build/IPS-2-1980.html
build/KEPPRES-81-1982.html
build/KEPPRES-62-1982.html
build/KEPPRES-116-2001.html
build/PERPRES-96-2007.html
build/KEPPRES-33-2003.html
build/KEPPRES-15-2010.html
build/IPS-14-1982.html
build/KEPPRES-9-2004.html
build/KEPPRES-83-2002.html
build/KEPPRES-24-1980.html
build/KEPPRES-17-1983.html
build/PERPRES-34-2007.html
build/KP-38-1990.html
build/KEPPRES-21-1980.html
build/PERPRES-37-2006.html
build/KEPPRES-08-2005.html
build/KEPPRES-13-2000.html
build/PERPRES-37-2005.html
build/PERPRES-22-2006.html
build/KEPPRES-24-1981.html
build/PERPRES-111-2007.html
build/PERPRES-79-2006.html
build/KEPPRES-85-1982.html
build/PERPRES-89-2006.html
build/PERPRES-16-2007.html
build/KEPPRES-49-1980.html
build/PERPRES-88-2007.html
build/KEPPRES-26-2000.html
build/INP-5-1984.html
build/KEPPRES-165-2000.html
build/PERPRES-18-2011.html
build/KEPPRES-4-2006.html
build/IPS-8-1981.html
build/PERPRES-29-2009.html
build/KEPPRES-38-1999.html
build/KEPPRES-5-2006.html
build/KEPPRES-8-2003.html
build/KEPPRES-36-1983.html
build/KEPPRES-8-2009.html
build/KEPPRES-23-1981.html
build/KEPPRES-6-1981.html
build/PERPRES-6-2007.html
build/KP-6-1984.html
build/KEPPRES-2-2007.html
build/KEPPRES-7-2008.html
build/KEPPRES-71-2004.html
build/KEPPRES-98-2003.html
build/PERPRES-53-2011.html
build/KEPPRES-62-1983.html
build/KEPPRES-6-1983.html
build/INP-6-1984.html
build/KEPPRES-119-2001.html
build/PERPRES-59-2006.html
build/KEPPRES-19-1999.html
build/PERPRES-36-2005.html
build/PERPRES-73-2011.html
build/KEPPRES-20-2009.html
build/PERPRES-48-2011.html
build/PERPRES-64-2011.html
build/KEPPRES-41-2001.html
build/KEPPRES-18-1985.html
build/PERPRES-5-2004.html
build/KEPPRES-11-1983.html
build/KEPPRES-61-1982.html
build/KEPPRES-13-2009.html
build/PERPRES-13-2008.html
build/KEPPRES-25-2007.html
build/PERPRES-10-2008.html
build/IPS-7-2011.html
build/KEPPRES-49-2002.html
build/PERPRES-108-2006.html
build/KEPPRES-75-1984.html
build/KEPPRES-46-2002.html
build/KEPPRES-33-1982.html
build/PERPRES-8-2006.html
build/KEPPRES-39-1999.html
build/KEPPRES-13-1983.html
build/KEPPRES-60-2001.html
build/KEPPRES-18-2008.html
build/IPS-10-1980.html
build/KEPPRES-5-1985.html
build/KEPPRES-55-1983.html
build/PERPRES-11-2005.html
build/KEPPRES-32-2008.html
build/KP-13-2005.html
build/KEPPRES-24-1982.html
build/KEPPRES-63-2000.html
build/KEPPRES-52-1980.html
build/KEPPRES-133-2000.html
build/KEPPRES-8-1982.html
build/KP-15-2005.html
build/PERPRES-24-2007.html
build/KEPPRES-49-1983.html
build/KEPPRES-78-2001.html
build/KEPPRES-41-2004.html
build/KEPPRES-29-1983.html
build/KEPPRES-54-1983.html
build/KEPPRES-19-2003.html
build/KEPPRES-51-2004.html
build/KP-49-1990.html
build/IPS-2-1981.html
build/KEPPRES-15-2006.html
build/KEPPRES-47-1999.html
build/KEPPRES-10-2007.html
build/PERPRES-87-2006.html
build/KEPPRES-51-1982.html
build/KEPPRES-15-2004.html
build/KEPPRES-143-2000.html
build/PERPRES-63-2005.html
build/PERPRES-19-2008.html
build/KEPPRES-17-2010.html
build/KEPPRES-11-1982.html
build/PERPRES-3-2009.html
build/KEPPRES-13-1980.html
build/IPS-6-1982.html
build/KEPPRES-41-1999.html
build/KEPPRES-37-1983.html
build/KEPPRES-13-2007.html
build/KEPPRES-16-1985.html
build/PERPRES-24-2008.html
build/KEPPRES-21-2009.html
build/KP-19-1984.html
build/KEPPRES-18-2004.html
build/PERPRES-41-2006.html
build/KEPPRES-189-1998.html
build/KEPPRES-36-1980.html
build/KEPPRES-73-2002.html
build/KP-10-1996.html
build/PERPRES-69-2011.html
build/KEPPRES-64-1982.html
build/KEPPRES-86-1982.html
build/KEPPRES-8-2010.html
build/PERPRES-58-2007.html
build/KEPPRES-67-1980.html
build/IPS-12-1982.html
build/PERPRES-93-2006.html
build/KEPPRES-19-2011.html
build/IPS-9-1982.html
build/KEPPRES-67-2002.html
build/KEPPRES-64-1984.html
build/KEPPRES-25-2006.html
build/KP-34-1990.html
build/KEPPRES-105-2001.html
build/PERPRES-64-2007.html
build/KEPPRES-36-1981.html
build/PERPRES-36-2007.html
build/PERPRES-40-2005.html
build/KEPPRES-8-2007.html
build/KEPPRES-40-1982.html
build/KEPPRES-10-2010.html
build/PERPRES-47-2007.html
build/KEPPRES-17-2008.html
build/KEPPRES-9-1981.html
build/KEPPRES-17-2011.html
build/INP-2-1984.html
build/KEPPRES-74-2001.html
build/KEPPRES-8-2002.html
build/KEPPRES-79-2003.html
build/KEPPRES-20-2010.html
build/KEPPRES-101-2003.html
build/KEPPRES-18-1981.html
build/KEPPRES-36-2001.html
build/PERPRES-24-2005.html
build/PERPRES-84-2005.html
build/IPS-11-2011.html
build/PS-42-2009.html
build/KEPPRES-23-1980.html
build/PERPRES-85-2007.html
build/KEPPRES-108-2001.html
build/KP-57-1998.html
build/KP-52-2000.html
build/KEPPRES-73-1980.html
build/KEPPRES-82-2003.html
build/KEPPRES-57-2001.html
build/KEPPRES-126-2001.html
build/KEPPRES-13-1982.html
build/KEPPRES-44-2000.html
build/KEPPRES-8-2006.html
build/KP-32-1990.html
build/KEPPRES-5-2003.html
build/PERPRES-49-2006.html
build/IPS-4-1980.html
build/KEPPRES-55-1982.html
build/KEPPRES-7-1985.html
build/IPS-7-1980.html
build/PERPRES-106-2007.html
build/KEPPRES-27-1982.html
build/KEPPRES-20-2006.html
build/KEPPRES-1-1981.html
build/KEPPRES-22-1984.html
build/IPS-10-1983.html
build/KP-1-1982.html
build/PERPRES-47-2008.html
build/INP-3-1984.html
build/KEPPRES-118-2001.html
build/KEPPRES-22-2006.html
build/KEPPRES-42-1981.html
build/KEPPRES-84-2003.html
build/PERPRES-74-2007.html
build/PERPRES-36-2006.html
build/KEPPRES-108-2000.html
build/KP-20-1990.html
build/PERPRES-76-2006.html
build/PERPRES-78-2006.html
build/KEPPRES-101-1999.html
build/KEPPRES-7-1982.html
build/PERPRES-10-2011.html
build/PERPRES-1-2004.html
build/PERPRES-56-2007.html
build/PERPRES-15-2010.html
build/KEPPRES-18-2006.html
build/KEPPRES-6-2008.html
build/KP-5-1984.html
build/KEPPRES-25-2003.html
build/KEPPRES-6-2011.html
build/IPS-8-1980.html
build/PERPRES-46-2007.html
build/PERPRES-82-2006.html
build/PERPRES-40-2007.html
build/KP-29-1984.html
build/KEPPRES-42-1983.html
build/KP-3-2005.html
build/KEPPRES-6-2004.html
build/PERPRES-73-2005.html
build/KEPPRES-136-1999.html
build/KEPPRES-17-2006.html
build/KEPPRES-33-2011.html
build/KEPPRES-80-2001.html
build/PERPRES-90-2007.html
build/KEPPRES-41-1981.html
build/KEPPRES-20-1982.html
build/INP-7-1984.html
build/KEPPRES-146-1999.html
build/KEPPRES-48-1999.html
build/PERPRES-24-2009.html
build/KP-7-2005.html
build/KEPPRES-56-2994.html
build/KP-5-2002.html
build/KEPPRES-46-1983.html
build/KEPPRES-14-2008.html
build/KEPPRES-44-1982.html
build/KEPPRES-125-2000.html
build/KEPPRES-53-1980.html
build/PERPRES-23-2009.html
build/KEPPRES-16-2002.html
build/KEPPRES-3-2010.html
build/PERPRES-32-2006.html
build/KEPPRES-47-2003.html
build/PERPRES-79-2011.html
build/KEPPRES-100-1999.html
build/KEPPRES-2-1999.html
build/KP-1-2005.html
build/KP-44-2002.html
build/KEPPRES-25-1999.html
build/PERPRES-70-2006.html
build/PERPRES-27-2006.html
build/PERPRES-83-2005.html
build/KP-56-1998.html
build/KEPPRES-34-2001.html
build/KEPPRES-15-1980.html
build/KEPPRES-59-2003.html
build/KEPPRES-7-2001.html
build/KEPPRES-63-1982.html
build/KP-10-2005.html
build/KEPPRES-22-1982.html
build/KEPPRES-26-1980.html
build/PERPRES-80-2005.html
build/KP-18-1984.html
build/KEPPRES-43-1980.html
build/PERPRES-62-2008.html
build/PERPRES-65-2007.html
build/IPS-13-1980.html
build/PERPRES-66-2011.html
build/PERPRES-51-2006.html
build/KEPPRES-72-1982.html
build/KEPPRES-20-2002.html
build/KP-23-1984.html
build/KEPPRES-24-1985.html
build/KEPPRES-2-1984.html
build/KEPPRES-4-2007.html
build/PERPRES-4-2010.html
build/KEPPRES-18-2003.html
build/KEPPRES-105-1999.html
build/PERPRES-61-2007.html
build/PERPRES-11-2009.html
build/PERPRES-3-2008.html
build/KEPPRES-59-1980.html
build/KP-17-1990.html
build/KEPPRES-76-1982.html
build/PERPRES-23-2010.html
build/PERPRES-12-2010.html
build/KEPPRES-67-1982.html
build/PERPRES-53-2007.html
build/KEPPRES-14-2009.html
build/KEPPRES-5-2009.html
build/PERPRES-32-2007.html
build/KEPPRES-132-2001.html
build/KEPPRES-73-2003.html
build/PERPRES-40-2006.html
build/KP-37-1990.html
build/KEPPRES-18-1983.html
build/KEPPRES-22-2003.html
build/KEPPRES-169-2000.html
build/KEPPRES-30-1981.html
build/KEPPRES-104-2004.html
build/KEPPRES-100-2004.html
build/KEPPRES-35-1983.html
build/KEPPRES-11-2010.html
build/KEPPRES-20-2007.html
build/PERPRES-43-2011.html
build/KP-50-1990.html
build/KEPPRES-50-2002.html
build/KEPPRES-95-2001.html
build/PERPRES-45-2008.html
build/LN-180-2012.html
build/PERPRES-4-2007.html
build/PERPRES-12-2008.html
build/PERPRES-17-2005.html
build/KEPPRES-68-1980.html
build/KEPPRES-4-1982.html
build/KP-38-1984.html
build/KEPPRES-29-1999.html
build/KEPPRES-166-1999.html
build/IPS-3-2011.html
build/KEPPRES-87-1982.html
build/KEPPRES-66-2001.html
build/PERPRES-61-2006.html
build/KEPPRES-26-2003.html
build/KEPPRES-108-2003.html
build/PERPRES-41-2007.html
build/KEPPRES-40-1999.html
build/PERPRES-5-2008.html
build/KEPPRES-10-1983.html
build/PERPRES-71-2005.html
build/KEPPRES-101-2001.html
build/KEPPRES-37-1980.html
build/PERPRES-63-2007.html
build/PERPRES-14-2009.html
build/KP-33-1990.html
build/KEPPRES-50-1982.html
build/KEPPRES-30-2001.html
build/KEPPRES-46-1982.html
build/KP-5-2011.html
build/KP-21-1990.html
build/KEPPRES-50-1981.html
build/KP-6-1990.html
build/PERPRES-73-2006.html
build/KEPPRES-53-1981.html
build/KEPPRES-120-2000.html
build/PERPRES-20-2008.html
build/KEPPRES-60-1982.html
build/PERPRES-2-2008.html
build/KEPPRES-43-1999.html
build/KEPPRES-74-2003.html
build/KEPPRES-54-2001.html
build/KEPPRES-80-2000.html
build/KEPPRES-9-2008.html
build/PERPRES-72-2007.html
build/KEPPRES-14-1983.html
build/KEPPRES-3-2004.html
build/KEPPRES-114-1999.html
build/KEPPRES-19-2001.html
build/KEPPRES-174-2000.html
build/KEPPRES-66-2004.html
build/KEPPRES-157-2000.html
build/KEPPRES-105-2003.html
build/KEPPRES-85-2001.html
build/KEPPRES-3-1982.html
build/KP-34-1984.html
build/KEPPRES-48-2003.html
build/KEPPRES-23-1982.html
build/KEPPRES-16-2010.html
build/IPS-4-1981.html
build/KP-14-1984.html
build/KEPPRES-30-1985.html
build/KEPPRES-72-2001.html
build/IPS-2-2011.html
build/PERPRES-7-2008.html
build/KEPPRES-19-1981.html
build/PERPRES-80-2006.html
build/KEPPRES-128-2000.html
build/IPS-9-2011.html
build/KEPPRES-8-2011.html
build/PERPRES-23-2011.html
build/PERPRES-69-2005.html
build/IPS-1-1980.html
build/PERPRES-19-2006.html
build/KP-18-1990.html
build/PERPRES-53-2008.html
build/PERPRES-44-2006.html
build/KEPPRES-7-2011.html
build/KEPPRES-92-1999.html
build/KEPPRES-45-2002.html
build/KEPPRES-11-2002.html
build/KEPPRES-23-2005.html
build/KEPPRES-63-1984.html
build/KEPPRES-52-2004.html
build/PERPRES-34-2008.html
build/PERPRES-33-2011.html
build/KP-52-1990.html
build/PERPRES-104-2006.html
build/KEPPRES-177-2000.html
build/IPS-7-1981.html
build/KEPPRES-15-2008.html
build/PERPRES-27-2007.html
build/PERPRES-86-2006.html
build/KEPPRES-176-2000.html
build/KEPPRES-47-1980.html
build/KEPPRES-49-2003.html
build/KP-58-1998.html
build/PERPRES-18-2007.html
build/KEPPRES-2-2010.html
